  [1m[35m (252.6ms)[0m  [1m[35mCREATE DATABASE "first_routes_project_development" ENCODING = 'unicode'[0m
  ↳ bin/rails:9
  [1m[35m (99.8ms)[0m  [1m[35mCREATE DATABASE "first_routes_project_test" ENCODING = 'unicode'[0m
  ↳ bin/rails:9
  [1m[35m (89.2ms)[0m  [1m[35mCREATE DATABASE "first_routes_project_development" ENCODING = 'unicode'[0m
  ↳ bin/rails:9
  [1m[35m (32.5ms)[0m  [1m[35mCREATE DATABASE "first_routes_project_test" ENCODING = 'unicode'[0m
  ↳ bin/rails:9
Started GET "/" for ::1 at 2021-10-06 15:02:24 -0700
Processing by Rails::WelcomeController#index as HTML
  Rendering /Users/grayson.poon/.rbenv/versions/2.5.1/lib/ruby/gems/2.5.0/gems/railties-5.2.6/lib/rails/templates/rails/welcome/index.html.erb
  Rendered /Users/grayson.poon/.rbenv/versions/2.5.1/lib/ruby/gems/2.5.0/gems/railties-5.2.6/lib/rails/templates/rails/welcome/index.html.erb (1.7ms)
Completed 200 OK in 12ms (Views: 5.7ms | ActiveRecord: 0.0ms)


Started GET "/users" for ::1 at 2021-10-06 15:10:47 -0700
  
AbstractController::ActionNotFound (The action 'index' could not be found for UsersController):
  
actionpack (5.2.6) lib/abstract_controller/base.rb:129:in `process'
actionview (5.2.6) lib/action_view/rendering.rb:32:in `process'
actionpack (5.2.6) lib/action_controller/metal.rb:191:in `dispatch'
actionpack (5.2.6) lib/action_controller/metal.rb:252:in `dispatch'
actionpack (5.2.6) lib/action_dispatch/routing/route_set.rb:52:in `dispatch'
actionpack (5.2.6) lib/action_dispatch/routing/route_set.rb:34:in `serve'
actionpack (5.2.6) lib/action_dispatch/journey/router.rb:52:in `block in serve'
actionpack (5.2.6) lib/action_dispatch/journey/router.rb:35:in `each'
actionpack (5.2.6) lib/action_dispatch/journey/router.rb:35:in `serve'
actionpack (5.2.6) lib/action_dispatch/routing/route_set.rb:840:in `call'
rack (2.2.3) lib/rack/tempfile_reaper.rb:15:in `call'
rack (2.2.3) lib/rack/etag.rb:27:in `call'
rack (2.2.3) lib/rack/conditional_get.rb:27:in `call'
rack (2.2.3) lib/rack/head.rb:12:in `call'
actionpack (5.2.6) lib/action_dispatch/http/content_security_policy.rb:18:in `call'
rack (2.2.3) lib/rack/session/abstract/id.rb:266:in `context'
rack (2.2.3) lib/rack/session/abstract/id.rb:260:in `call'
actionpack (5.2.6) lib/action_dispatch/middleware/cookies.rb:670:in `call'
activerecord (5.2.6) lib/active_record/migration.rb:559:in `call'
actionpack (5.2.6) lib/action_dispatch/middleware/callbacks.rb:28:in `block in call'
activesupport (5.2.6) lib/active_support/callbacks.rb:98:in `run_callbacks'
actionpack (5.2.6) lib/action_dispatch/middleware/callbacks.rb:26:in `call'
actionpack (5.2.6) lib/action_dispatch/middleware/executor.rb:14:in `call'
actionpack (5.2.6) lib/action_dispatch/middleware/debug_exceptions.rb:61:in `call'
web-console (3.7.0) lib/web_console/middleware.rb:135:in `call_app'
web-console (3.7.0) lib/web_console/middleware.rb:30:in `block in call'
web-console (3.7.0) lib/web_console/middleware.rb:20:in `catch'
web-console (3.7.0) lib/web_console/middleware.rb:20:in `call'
actionpack (5.2.6) lib/action_dispatch/middleware/show_exceptions.rb:33:in `call'
railties (5.2.6) lib/rails/rack/logger.rb:38:in `call_app'
railties (5.2.6) lib/rails/rack/logger.rb:26:in `block in call'
activesupport (5.2.6) lib/active_support/tagged_logging.rb:71:in `block in tagged'
activesupport (5.2.6) lib/active_support/tagged_logging.rb:28:in `tagged'
activesupport (5.2.6) lib/active_support/tagged_logging.rb:71:in `tagged'
railties (5.2.6) lib/rails/rack/logger.rb:26:in `call'
sprockets-rails (3.2.2) lib/sprockets/rails/quiet_assets.rb:13:in `call'
actionpack (5.2.6) lib/action_dispatch/middleware/remote_ip.rb:81:in `call'
actionpack (5.2.6) lib/action_dispatch/middleware/request_id.rb:27:in `call'
rack (2.2.3) lib/rack/method_override.rb:24:in `call'
rack (2.2.3) lib/rack/runtime.rb:22:in `call'
activesupport (5.2.6) lib/active_support/cache/strategy/local_cache_middleware.rb:29:in `call'
actionpack (5.2.6) lib/action_dispatch/middleware/executor.rb:14:in `call'
actionpack (5.2.6) lib/action_dispatch/middleware/static.rb:127:in `call'
rack (2.2.3) lib/rack/sendfile.rb:110:in `call'
railties (5.2.6) lib/rails/engine.rb:524:in `call'
puma (3.12.6) lib/puma/configuration.rb:227:in `call'
puma (3.12.6) lib/puma/server.rb:706:in `handle_request'
puma (3.12.6) lib/puma/server.rb:476:in `process_client'
puma (3.12.6) lib/puma/server.rb:334:in `block in run'
puma (3.12.6) lib/puma/thread_pool.rb:135:in `block in spawn_thread'
Started GET "/users" for ::1 at 2021-10-06 15:11:55 -0700
Processing by UsersController#index as */*
No template found for UsersController#index, rendering head :no_content
Completed 204 No Content in 129ms (ActiveRecord: 0.0ms)


Started GET "/users" for ::1 at 2021-10-06 15:13:21 -0700
Processing by UsersController#index as */*
  Rendering text template
  Rendered text template (0.0ms)
Completed 200 OK in 2ms (Views: 1.5ms | ActiveRecord: 0.0ms)


Started GET "/users?pet=dog&name=koda" for ::1 at 2021-10-06 15:15:33 -0700
Processing by UsersController#index as */*
  Parameters: {"pet"=>"dog", "name"=>"koda"}
  Rendering text template
  Rendered text template (0.0ms)
Completed 200 OK in 1ms (Views: 0.5ms | ActiveRecord: 0.0ms)


Started POST "/users" for ::1 at 2021-10-06 15:18:25 -0700
  
AbstractController::ActionNotFound (The action 'create' could not be found for UsersController):
  
actionpack (5.2.6) lib/abstract_controller/base.rb:129:in `process'
actionview (5.2.6) lib/action_view/rendering.rb:32:in `process'
actionpack (5.2.6) lib/action_controller/metal.rb:191:in `dispatch'
actionpack (5.2.6) lib/action_controller/metal.rb:252:in `dispatch'
actionpack (5.2.6) lib/action_dispatch/routing/route_set.rb:52:in `dispatch'
actionpack (5.2.6) lib/action_dispatch/routing/route_set.rb:34:in `serve'
actionpack (5.2.6) lib/action_dispatch/journey/router.rb:52:in `block in serve'
actionpack (5.2.6) lib/action_dispatch/journey/router.rb:35:in `each'
actionpack (5.2.6) lib/action_dispatch/journey/router.rb:35:in `serve'
actionpack (5.2.6) lib/action_dispatch/routing/route_set.rb:840:in `call'
rack (2.2.3) lib/rack/tempfile_reaper.rb:15:in `call'
rack (2.2.3) lib/rack/etag.rb:27:in `call'
rack (2.2.3) lib/rack/conditional_get.rb:40:in `call'
rack (2.2.3) lib/rack/head.rb:12:in `call'
actionpack (5.2.6) lib/action_dispatch/http/content_security_policy.rb:18:in `call'
rack (2.2.3) lib/rack/session/abstract/id.rb:266:in `context'
rack (2.2.3) lib/rack/session/abstract/id.rb:260:in `call'
actionpack (5.2.6) lib/action_dispatch/middleware/cookies.rb:670:in `call'
activerecord (5.2.6) lib/active_record/migration.rb:559:in `call'
actionpack (5.2.6) lib/action_dispatch/middleware/callbacks.rb:28:in `block in call'
activesupport (5.2.6) lib/active_support/callbacks.rb:98:in `run_callbacks'
actionpack (5.2.6) lib/action_dispatch/middleware/callbacks.rb:26:in `call'
actionpack (5.2.6) lib/action_dispatch/middleware/executor.rb:14:in `call'
actionpack (5.2.6) lib/action_dispatch/middleware/debug_exceptions.rb:61:in `call'
web-console (3.7.0) lib/web_console/middleware.rb:135:in `call_app'
web-console (3.7.0) lib/web_console/middleware.rb:30:in `block in call'
web-console (3.7.0) lib/web_console/middleware.rb:20:in `catch'
web-console (3.7.0) lib/web_console/middleware.rb:20:in `call'
actionpack (5.2.6) lib/action_dispatch/middleware/show_exceptions.rb:33:in `call'
railties (5.2.6) lib/rails/rack/logger.rb:38:in `call_app'
railties (5.2.6) lib/rails/rack/logger.rb:26:in `block in call'
activesupport (5.2.6) lib/active_support/tagged_logging.rb:71:in `block in tagged'
activesupport (5.2.6) lib/active_support/tagged_logging.rb:28:in `tagged'
activesupport (5.2.6) lib/active_support/tagged_logging.rb:71:in `tagged'
railties (5.2.6) lib/rails/rack/logger.rb:26:in `call'
sprockets-rails (3.2.2) lib/sprockets/rails/quiet_assets.rb:13:in `call'
actionpack (5.2.6) lib/action_dispatch/middleware/remote_ip.rb:81:in `call'
actionpack (5.2.6) lib/action_dispatch/middleware/request_id.rb:27:in `call'
rack (2.2.3) lib/rack/method_override.rb:24:in `call'
rack (2.2.3) lib/rack/runtime.rb:22:in `call'
activesupport (5.2.6) lib/active_support/cache/strategy/local_cache_middleware.rb:29:in `call'
actionpack (5.2.6) lib/action_dispatch/middleware/executor.rb:14:in `call'
actionpack (5.2.6) lib/action_dispatch/middleware/static.rb:127:in `call'
rack (2.2.3) lib/rack/sendfile.rb:110:in `call'
railties (5.2.6) lib/rails/engine.rb:524:in `call'
puma (3.12.6) lib/puma/configuration.rb:227:in `call'
puma (3.12.6) lib/puma/server.rb:706:in `handle_request'
puma (3.12.6) lib/puma/server.rb:476:in `process_client'
puma (3.12.6) lib/puma/server.rb:334:in `block in run'
puma (3.12.6) lib/puma/thread_pool.rb:135:in `block in spawn_thread'
Started POST "/users" for ::1 at 2021-10-06 15:19:12 -0700
Processing by UsersController#create as */*
  Parameters: {"pet"=>"dog", "name"=>"koda"}
Completed 200 OK in 0ms (Views: 0.2ms | ActiveRecord: 0.0ms)


Started GET "/users/1" for ::1 at 2021-10-06 15:20:52 -0700
  
AbstractController::ActionNotFound (The action 'show' could not be found for UsersController):
  
actionpack (5.2.6) lib/abstract_controller/base.rb:129:in `process'
actionview (5.2.6) lib/action_view/rendering.rb:32:in `process'
actionpack (5.2.6) lib/action_controller/metal.rb:191:in `dispatch'
actionpack (5.2.6) lib/action_controller/metal.rb:252:in `dispatch'
actionpack (5.2.6) lib/action_dispatch/routing/route_set.rb:52:in `dispatch'
actionpack (5.2.6) lib/action_dispatch/routing/route_set.rb:34:in `serve'
actionpack (5.2.6) lib/action_dispatch/journey/router.rb:52:in `block in serve'
actionpack (5.2.6) lib/action_dispatch/journey/router.rb:35:in `each'
actionpack (5.2.6) lib/action_dispatch/journey/router.rb:35:in `serve'
actionpack (5.2.6) lib/action_dispatch/routing/route_set.rb:840:in `call'
rack (2.2.3) lib/rack/tempfile_reaper.rb:15:in `call'
rack (2.2.3) lib/rack/etag.rb:27:in `call'
rack (2.2.3) lib/rack/conditional_get.rb:27:in `call'
rack (2.2.3) lib/rack/head.rb:12:in `call'
actionpack (5.2.6) lib/action_dispatch/http/content_security_policy.rb:18:in `call'
rack (2.2.3) lib/rack/session/abstract/id.rb:266:in `context'
rack (2.2.3) lib/rack/session/abstract/id.rb:260:in `call'
actionpack (5.2.6) lib/action_dispatch/middleware/cookies.rb:670:in `call'
activerecord (5.2.6) lib/active_record/migration.rb:559:in `call'
actionpack (5.2.6) lib/action_dispatch/middleware/callbacks.rb:28:in `block in call'
activesupport (5.2.6) lib/active_support/callbacks.rb:98:in `run_callbacks'
actionpack (5.2.6) lib/action_dispatch/middleware/callbacks.rb:26:in `call'
actionpack (5.2.6) lib/action_dispatch/middleware/executor.rb:14:in `call'
actionpack (5.2.6) lib/action_dispatch/middleware/debug_exceptions.rb:61:in `call'
web-console (3.7.0) lib/web_console/middleware.rb:135:in `call_app'
web-console (3.7.0) lib/web_console/middleware.rb:30:in `block in call'
web-console (3.7.0) lib/web_console/middleware.rb:20:in `catch'
web-console (3.7.0) lib/web_console/middleware.rb:20:in `call'
actionpack (5.2.6) lib/action_dispatch/middleware/show_exceptions.rb:33:in `call'
railties (5.2.6) lib/rails/rack/logger.rb:38:in `call_app'
railties (5.2.6) lib/rails/rack/logger.rb:26:in `block in call'
activesupport (5.2.6) lib/active_support/tagged_logging.rb:71:in `block in tagged'
activesupport (5.2.6) lib/active_support/tagged_logging.rb:28:in `tagged'
activesupport (5.2.6) lib/active_support/tagged_logging.rb:71:in `tagged'
railties (5.2.6) lib/rails/rack/logger.rb:26:in `call'
sprockets-rails (3.2.2) lib/sprockets/rails/quiet_assets.rb:13:in `call'
actionpack (5.2.6) lib/action_dispatch/middleware/remote_ip.rb:81:in `call'
actionpack (5.2.6) lib/action_dispatch/middleware/request_id.rb:27:in `call'
rack (2.2.3) lib/rack/method_override.rb:24:in `call'
rack (2.2.3) lib/rack/runtime.rb:22:in `call'
activesupport (5.2.6) lib/active_support/cache/strategy/local_cache_middleware.rb:29:in `call'
actionpack (5.2.6) lib/action_dispatch/middleware/executor.rb:14:in `call'
actionpack (5.2.6) lib/action_dispatch/middleware/static.rb:127:in `call'
rack (2.2.3) lib/rack/sendfile.rb:110:in `call'
railties (5.2.6) lib/rails/engine.rb:524:in `call'
puma (3.12.6) lib/puma/configuration.rb:227:in `call'
puma (3.12.6) lib/puma/server.rb:706:in `handle_request'
puma (3.12.6) lib/puma/server.rb:476:in `process_client'
puma (3.12.6) lib/puma/server.rb:334:in `block in run'
puma (3.12.6) lib/puma/thread_pool.rb:135:in `block in spawn_thread'
Started GET "/users/1" for ::1 at 2021-10-06 15:21:37 -0700
Processing by UsersController#show as */*
  Parameters: {"id"=>"1"}
Completed 200 OK in 0ms (Views: 0.1ms | ActiveRecord: 0.0ms)


Started GET "/users/food[snack]=popcorn&food[dessert]=cake" for ::1 at 2021-10-06 15:25:33 -0700
Processing by UsersController#show as */*
  Parameters: {"id"=>"food[snack]=popcorn&food[dessert]=cake"}
Completed 200 OK in 2ms (Views: 0.5ms | ActiveRecord: 0.0ms)


Started GET "/users?food[snack]=popcorn&food[dessert]=cake" for ::1 at 2021-10-06 15:26:09 -0700
Processing by UsersController#index as */*
  Parameters: {"food"=>{"snack"=>"popcorn", "dessert"=>"cake"}}
  Rendering text template
  Rendered text template (0.0ms)
Completed 200 OK in 1ms (Views: 1.0ms | ActiveRecord: 0.0ms)


Started GET "/users?food[snack]=popcorn&food[dessert]=cake" for ::1 at 2021-10-06 15:28:13 -0700
Processing by UsersController#index as */*
  Parameters: {"food"=>{"snack"=>"popcorn", "dessert"=>"cake"}}
Completed 200 OK in 0ms (Views: 0.2ms | ActiveRecord: 0.0ms)


Started GET "/users" for ::1 at 2021-10-06 15:29:50 -0700
Processing by UsersController#index as */*
  Parameters: {"food"=>{"pet"=>"dog", "name"=>"koda"}}
Completed 200 OK in 1ms (Views: 0.4ms | ActiveRecord: 0.0ms)


  [1m[35m (26.0ms)[0m  [1m[35mCREATE TABLE "schema_migrations" ("version" character varying NOT NULL PRIMARY KEY)[0m
  ↳ bin/rails:9
  [1m[35m (5.6ms)[0m  [1m[35mCREATE TABLE "ar_internal_metadata" ("key" character varying NOT NULL PRIMARY KEY, "value" character varying, "created_at" timestamp NOT NULL, "updated_at" timestamp NOT NULL)[0m
  ↳ bin/rails:9
  [1m[35m (0.5ms)[0m  [1m[34mSELECT pg_try_advisory_lock(6735832662221925360)[0m
  ↳ bin/rails:9
  [1m[35m (0.6ms)[0m  [1m[34mSELECT "schema_migrations"."version" FROM "schema_migrations" ORDER BY "schema_migrations"."version" ASC[0m
  ↳ bin/rails:9
Migrating to CreateUsers (20211006231015)
  [1m[35m (3.3ms)[0m  [1m[35mBEGIN[0m
  ↳ bin/rails:9
  [1m[35m (11.7ms)[0m  [1m[35mCREATE TABLE "users" ("id" bigserial primary key, "name" character varying NOT NULL, "email" character varying NOT NULL, "created_at" timestamp NOT NULL, "updated_at" timestamp NOT NULL)[0m
  ↳ db/migrate/20211006231015_create_users.rb:3
  [1m[36mActiveRecord::SchemaMigration Create (0.9ms)[0m  [1m[32mINSERT INTO "schema_migrations" ("version") VALUES ($1) RETURNING "version"[0m  [["version", "20211006231015"]]
  ↳ bin/rails:9
  [1m[35m (0.4ms)[0m  [1m[35mCOMMIT[0m
  ↳ bin/rails:9
  [1m[36mActiveRecord::InternalMetadata Load (4.4ms)[0m  [1m[34mSELECT  "ar_internal_metadata".* FROM "ar_internal_metadata" WHERE "ar_internal_metadata"."key" = $1 LIMIT $2[0m  [["key", "environment"], ["LIMIT", 1]]
  ↳ bin/rails:9
  [1m[35m (0.3ms)[0m  [1m[35mBEGIN[0m
  ↳ bin/rails:9
  [1m[36mActiveRecord::InternalMetadata Create (3.9ms)[0m  [1m[32mINSERT INTO "ar_internal_metadata" ("key", "value", "created_at", "updated_at") VALUES ($1, $2, $3, $4) RETURNING "key"[0m  [["key", "environment"], ["value", "development"], ["created_at", "2021-10-06 23:11:43.504979"], ["updated_at", "2021-10-06 23:11:43.504979"]]
  ↳ bin/rails:9
  [1m[35m (0.9ms)[0m  [1m[35mCOMMIT[0m
  ↳ bin/rails:9
  [1m[35m (0.8ms)[0m  [1m[34mSELECT pg_advisory_unlock(6735832662221925360)[0m
  ↳ bin/rails:9
  [1m[35m (6.2ms)[0m  [1m[34mSELECT "schema_migrations"."version" FROM "schema_migrations" ORDER BY "schema_migrations"."version" ASC[0m
  ↳ bin/rails:9
  [1m[36mUser Load (2.9ms)[0m  [1m[34mSELECT  "users".* FROM "users" ORDER BY "users"."id" ASC LIMIT $1[0m  [["LIMIT", 1]]
  [1m[36mUser Load (1.2ms)[0m  [1m[34mSELECT  "users".* FROM "users" ORDER BY "users"."id" ASC LIMIT $1[0m  [["LIMIT", 1]]
  [1m[35m (5.8ms)[0m  [1m[35mCREATE DATABASE "first_routes_project_development" ENCODING = 'unicode'[0m
  ↳ bin/rails:9
  [1m[35m (0.9ms)[0m  [1m[35mCREATE DATABASE "first_routes_project_test" ENCODING = 'unicode'[0m
  ↳ bin/rails:9
  [1m[35m (1.1ms)[0m  [1m[34mSELECT "schema_migrations"."version" FROM "schema_migrations" ORDER BY "schema_migrations"."version" ASC[0m
  ↳ bin/rails:9
  [1m[35m (5.2ms)[0m  [1m[34mSELECT "ar_internal_metadata"."value" FROM "ar_internal_metadata" WHERE "ar_internal_metadata"."key" = $1[0m  [["key", "environment"]]
  ↳ bin/rails:9
  [1m[35m (0.1ms)[0m  [1m[34mSELECT "schema_migrations"."version" FROM "schema_migrations" ORDER BY "schema_migrations"."version" ASC[0m
  ↳ bin/rails:9
  [1m[35m (0.1ms)[0m  [1m[34mSELECT "ar_internal_metadata"."value" FROM "ar_internal_metadata" WHERE "ar_internal_metadata"."key" = $1[0m  [["key", "environment"]]
  ↳ bin/rails:9
  [1m[35m (0.1ms)[0m  [1m[34mSELECT "schema_migrations"."version" FROM "schema_migrations" ORDER BY "schema_migrations"."version" ASC[0m
  ↳ bin/rails:9
  [1m[35m (0.1ms)[0m  [1m[34mSELECT "ar_internal_metadata"."value" FROM "ar_internal_metadata" WHERE "ar_internal_metadata"."key" = $1[0m  [["key", "environment"]]
  ↳ bin/rails:9
  [1m[35mSQL (2.5ms)[0m  [1m[35mCREATE EXTENSION IF NOT EXISTS "plpgsql"[0m
  ↳ db/schema.rb:16
  [1m[35m (21.7ms)[0m  [1m[35mDROP TABLE IF EXISTS "users" CASCADE[0m
  ↳ db/schema.rb:18
  [1m[35m (9.3ms)[0m  [1m[35mCREATE TABLE "users" ("id" bigserial primary key, "name" character varying NOT NULL, "email" character varying NOT NULL, "created_at" timestamp NOT NULL, "updated_at" timestamp NOT NULL)[0m
  ↳ db/schema.rb:18
  [1m[35m (0.6ms)[0m  [1m[34mSELECT "schema_migrations"."version" FROM "schema_migrations" ORDER BY "schema_migrations"."version" ASC[0m
  ↳ db/schema.rb:13
  [1m[36mActiveRecord::InternalMetadata Load (1.1ms)[0m  [1m[34mSELECT  "ar_internal_metadata".* FROM "ar_internal_metadata" WHERE "ar_internal_metadata"."key" = $1 LIMIT $2[0m  [["key", "environment"], ["LIMIT", 1]]
  ↳ db/schema.rb:13
  [1m[35m (5.3ms)[0m  [1m[35mBEGIN[0m
  ↳ db/schema.rb:13
  [1m[35m (0.1ms)[0m  [1m[35mCOMMIT[0m
  ↳ db/schema.rb:13
  [1m[36mActiveRecord::InternalMetadata Load (0.2ms)[0m  [1m[34mSELECT  "ar_internal_metadata".* FROM "ar_internal_metadata" WHERE "ar_internal_metadata"."key" = $1 LIMIT $2[0m  [["key", "environment"], ["LIMIT", 1]]
  ↳ bin/rails:9
  [1m[35m (0.0ms)[0m  [1m[35mBEGIN[0m
  ↳ bin/rails:9
  [1m[35m (0.3ms)[0m  [1m[35mCOMMIT[0m
  ↳ bin/rails:9
  [1m[35mSQL (0.8ms)[0m  [1m[35mCREATE EXTENSION IF NOT EXISTS "plpgsql"[0m
  ↳ db/schema.rb:16
  [1m[35m (0.1ms)[0m  [1m[35mDROP TABLE IF EXISTS "users" CASCADE[0m
  ↳ db/schema.rb:18
  [1m[35m (13.8ms)[0m  [1m[35mCREATE TABLE "users" ("id" bigserial primary key, "name" character varying NOT NULL, "email" character varying NOT NULL, "created_at" timestamp NOT NULL, "updated_at" timestamp NOT NULL)[0m
  ↳ db/schema.rb:18
  [1m[35m (2.9ms)[0m  [1m[35mCREATE TABLE "schema_migrations" ("version" character varying NOT NULL PRIMARY KEY)[0m
  ↳ db/schema.rb:13
  [1m[35m (2.1ms)[0m  [1m[34mSELECT "schema_migrations"."version" FROM "schema_migrations" ORDER BY "schema_migrations"."version" ASC[0m
  ↳ db/schema.rb:13
  [1m[35m (1.8ms)[0m  [1m[32mINSERT INTO "schema_migrations" (version) VALUES (20211006231015)[0m
  ↳ db/schema.rb:13
  [1m[35m (2.2ms)[0m  [1m[35mCREATE TABLE "ar_internal_metadata" ("key" character varying NOT NULL PRIMARY KEY, "value" character varying, "created_at" timestamp NOT NULL, "updated_at" timestamp NOT NULL)[0m
  ↳ db/schema.rb:13
  [1m[36mActiveRecord::InternalMetadata Load (0.2ms)[0m  [1m[34mSELECT  "ar_internal_metadata".* FROM "ar_internal_metadata" WHERE "ar_internal_metadata"."key" = $1 LIMIT $2[0m  [["key", "environment"], ["LIMIT", 1]]
  ↳ db/schema.rb:13
  [1m[35m (0.1ms)[0m  [1m[35mBEGIN[0m
  ↳ db/schema.rb:13
  [1m[36mActiveRecord::InternalMetadata Create (0.5ms)[0m  [1m[32mINSERT INTO "ar_internal_metadata" ("key", "value", "created_at", "updated_at") VALUES ($1, $2, $3, $4) RETURNING "key"[0m  [["key", "environment"], ["value", "development"], ["created_at", "2021-10-06 23:20:15.340873"], ["updated_at", "2021-10-06 23:20:15.340873"]]
  ↳ db/schema.rb:13
  [1m[35m (0.1ms)[0m  [1m[35mCOMMIT[0m
  ↳ db/schema.rb:13
  [1m[36mActiveRecord::InternalMetadata Load (0.1ms)[0m  [1m[34mSELECT  "ar_internal_metadata".* FROM "ar_internal_metadata" WHERE "ar_internal_metadata"."key" = $1 LIMIT $2[0m  [["key", "environment"], ["LIMIT", 1]]
  ↳ bin/rails:9
  [1m[35m (0.0ms)[0m  [1m[35mBEGIN[0m
  ↳ bin/rails:9
  [1m[36mActiveRecord::InternalMetadata Update (0.4ms)[0m  [1m[33mUPDATE "ar_internal_metadata" SET "value" = $1, "updated_at" = $2 WHERE "ar_internal_metadata"."key" = $3[0m  [["value", "test"], ["updated_at", "2021-10-06 23:20:15.343444"], ["key", "environment"]]
  ↳ bin/rails:9
  [1m[35m (0.1ms)[0m  [1m[35mCOMMIT[0m
  ↳ bin/rails:9
  [1m[35m (0.6ms)[0m  [1m[34mSELECT "schema_migrations"."version" FROM "schema_migrations" ORDER BY "schema_migrations"."version" ASC[0m
  ↳ bin/rails:9
  [1m[35m (0.1ms)[0m  [1m[35mBEGIN[0m
  ↳ db/seeds.rb:9
  [1m[36mUser Exists (0.8ms)[0m  [1m[34mSELECT  1 AS one FROM "users" WHERE "users"."email" IS NULL LIMIT $1[0m  [["LIMIT", 1]]
  ↳ db/seeds.rb:9
  [1m[35m (0.1ms)[0m  [1m[31mROLLBACK[0m
  ↳ db/seeds.rb:9
  [1m[35m (0.0ms)[0m  [1m[35mBEGIN[0m
  ↳ db/seeds.rb:9
  [1m[36mUser Exists (0.5ms)[0m  [1m[34mSELECT  1 AS one FROM "users" WHERE "users"."email" = $1 LIMIT $2[0m  [["email", "mike@hello.com"], ["LIMIT", 1]]
  ↳ db/seeds.rb:9
  [1m[35m (0.1ms)[0m  [1m[31mROLLBACK[0m
  ↳ db/seeds.rb:9
  [1m[35m (0.0ms)[0m  [1m[35mBEGIN[0m
  ↳ db/seeds.rb:10
  [1m[36mUser Exists (0.1ms)[0m  [1m[34mSELECT  1 AS one FROM "users" WHERE "users"."email" IS NULL LIMIT $1[0m  [["LIMIT", 1]]
  ↳ db/seeds.rb:10
  [1m[35m (0.0ms)[0m  [1m[31mROLLBACK[0m
  ↳ db/seeds.rb:10
  [1m[35m (0.1ms)[0m  [1m[35mBEGIN[0m
  ↳ db/seeds.rb:10
  [1m[36mUser Exists (0.2ms)[0m  [1m[34mSELECT  1 AS one FROM "users" WHERE "users"."email" = $1 LIMIT $2[0m  [["email", "nike@goodbye.com"], ["LIMIT", 1]]
  ↳ db/seeds.rb:10
  [1m[35m (0.1ms)[0m  [1m[31mROLLBACK[0m
  ↳ db/seeds.rb:10
  [1m[36mUser Load (0.4ms)[0m  [1m[34mSELECT  "users".* FROM "users" ORDER BY "users"."id" ASC LIMIT $1[0m  [["LIMIT", 1]]
  [1m[35m (1.2ms)[0m  [1m[35mBEGIN[0m
  [1m[36mUser Exists (1.9ms)[0m  [1m[34mSELECT  1 AS one FROM "users" WHERE "users"."email" IS NULL LIMIT $1[0m  [["LIMIT", 1]]
  [1m[35m (0.4ms)[0m  [1m[31mROLLBACK[0m
  [1m[35m (0.3ms)[0m  [1m[35mBEGIN[0m
  [1m[36mUser Exists (2.6ms)[0m  [1m[34mSELECT  1 AS one FROM "users" WHERE "users"."email" = $1 LIMIT $2[0m  [["email", "mike@hello.com"], ["LIMIT", 1]]
  [1m[35m (0.2ms)[0m  [1m[31mROLLBACK[0m
  [1m[35m (0.2ms)[0m  [1m[35mBEGIN[0m
  [1m[36mUser Exists (1.1ms)[0m  [1m[34mSELECT  1 AS one FROM "users" WHERE "users"."email" IS NULL LIMIT $1[0m  [["LIMIT", 1]]
  [1m[35m (0.3ms)[0m  [1m[31mROLLBACK[0m
  [1m[35m (0.1ms)[0m  [1m[35mBEGIN[0m
  [1m[36mUser Exists (1.6ms)[0m  [1m[34mSELECT  1 AS one FROM "users" WHERE "users"."email" = $1 LIMIT $2[0m  [["email", "nike@goodbye.com"], ["LIMIT", 1]]
  [1m[35m (0.2ms)[0m  [1m[31mROLLBACK[0m
  [1m[36mUser Load (1.0ms)[0m  [1m[34mSELECT "users".* FROM "users"[0m
  [1m[35m (0.5ms)[0m  [1m[35mBEGIN[0m
  [1m[36mUser Exists (0.9ms)[0m  [1m[34mSELECT  1 AS one FROM "users" WHERE "users"."email" IS NULL LIMIT $1[0m  [["LIMIT", 1]]
  [1m[35m (0.7ms)[0m  [1m[31mROLLBACK[0m
  [1m[35m (0.1ms)[0m  [1m[35mBEGIN[0m
  [1m[36mUser Exists (1.0ms)[0m  [1m[34mSELECT  1 AS one FROM "users" WHERE "users"."email" = $1 LIMIT $2[0m  [["email", "nike@goodbye.com"], ["LIMIT", 1]]
  [1m[35m (0.3ms)[0m  [1m[31mROLLBACK[0m
  [1m[35m (1.9ms)[0m  [1m[35mBEGIN[0m
  [1m[36mUser Exists (3.0ms)[0m  [1m[34mSELECT  1 AS one FROM "users" WHERE "users"."email" IS NULL LIMIT $1[0m  [["LIMIT", 1]]
  [1m[35m (0.9ms)[0m  [1m[31mROLLBACK[0m
  [1m[36mUser Load (1.5ms)[0m  [1m[34mSELECT "users".* FROM "users"[0m
  [1m[35m (0.7ms)[0m  [1m[35mBEGIN[0m
  [1m[36mUser Exists (1.0ms)[0m  [1m[34mSELECT  1 AS one FROM "users" WHERE "users"."email" = $1 LIMIT $2[0m  [["email", "mike@hello.com"], ["LIMIT", 1]]
  [1m[36mUser Create (3.0ms)[0m  [1m[32mINSERT INTO "users" ("name", "email", "created_at", "updated_at") VALUES ($1, $2, $3, $4) RETURNING "id"[0m  [["name", "Mike"], ["email", "mike@hello.com"], ["created_at", "2021-10-06 23:24:56.739368"], ["updated_at", "2021-10-06 23:24:56.739368"]]
  [1m[35m (0.5ms)[0m  [1m[35mCOMMIT[0m
  [1m[35m (0.5ms)[0m  [1m[35mBEGIN[0m
  [1m[36mUser Exists (0.9ms)[0m  [1m[34mSELECT  1 AS one FROM "users" WHERE "users"."email" = $1 LIMIT $2[0m  [["email", "nike@goodbye.com"], ["LIMIT", 1]]
  [1m[36mUser Create (1.8ms)[0m  [1m[32mINSERT INTO "users" ("name", "email", "created_at", "updated_at") VALUES ($1, $2, $3, $4) RETURNING "id"[0m  [["name", "Nike"], ["email", "nike@goodbye.com"], ["created_at", "2021-10-06 23:25:12.896231"], ["updated_at", "2021-10-06 23:25:12.896231"]]
  [1m[35m (1.2ms)[0m  [1m[35mCOMMIT[0m
  [1m[35m (0.3ms)[0m  [1m[35mBEGIN[0m
  [1m[36mUser Exists (0.8ms)[0m  [1m[34mSELECT  1 AS one FROM "users" WHERE "users"."email" = $1 LIMIT $2[0m  [["email", "dike@goodbye.com"], ["LIMIT", 1]]
  [1m[36mUser Create (0.6ms)[0m  [1m[32mINSERT INTO "users" ("name", "email", "created_at", "updated_at") VALUES ($1, $2, $3, $4) RETURNING "id"[0m  [["name", "Dike"], ["email", "dike@goodbye.com"], ["created_at", "2021-10-06 23:25:24.135837"], ["updated_at", "2021-10-06 23:25:24.135837"]]
  [1m[35m (1.8ms)[0m  [1m[35mCOMMIT[0m
  [1m[36mUser Load (0.6ms)[0m  [1m[34mSELECT  "users".* FROM "users" ORDER BY "users"."id" ASC LIMIT $1[0m  [["LIMIT", 1]]
  [1m[36mUser Load (0.8ms)[0m  [1m[34mSELECT "users".* FROM "users"[0m
Started GET "/" for ::1 at 2021-10-06 16:26:26 -0700
  [1m[35m (1.5ms)[0m  [1m[34mSELECT "schema_migrations"."version" FROM "schema_migrations" ORDER BY "schema_migrations"."version" ASC[0m
  ↳ /Users/nicoletademaru/.rbenv/versions/2.5.1/lib/ruby/gems/2.5.0/gems/activerecord-5.2.6/lib/active_record/log_subscriber.rb:98
Processing by Rails::WelcomeController#index as HTML
  Rendering /Users/nicoletademaru/.rbenv/versions/2.5.1/lib/ruby/gems/2.5.0/gems/railties-5.2.6/lib/rails/templates/rails/welcome/index.html.erb
  Rendered /Users/nicoletademaru/.rbenv/versions/2.5.1/lib/ruby/gems/2.5.0/gems/railties-5.2.6/lib/rails/templates/rails/welcome/index.html.erb (2.2ms)
Completed 200 OK in 14ms (Views: 7.0ms | ActiveRecord: 0.0ms)


Started GET "/users" for ::1 at 2021-10-06 16:26:59 -0700
Processing by UsersController#index as */*
Completed 200 OK in 1ms (Views: 0.5ms | ActiveRecord: 0.0ms)


Started GET "/users" for ::1 at 2021-10-06 16:29:31 -0700
Processing by UsersController#index as */*
Completed 500 Internal Server Error in 2ms (ActiveRecord: 0.0ms)


  
NameError (uninitialized constant UsersController::Users):
  
app/controllers/users_controller.rb:3:in `index'
Started GET "/users" for ::1 at 2021-10-06 16:29:55 -0700
Processing by UsersController#index as */*
Completed 200 OK in 4ms (Views: 1.6ms | ActiveRecord: 0.0ms)


Started GET "/users" for ::1 at 2021-10-06 16:30:06 -0700
Processing by UsersController#index as */*
Completed 200 OK in 1ms (Views: 0.5ms | ActiveRecord: 0.0ms)


Started GET "/users" for ::1 at 2021-10-06 16:30:48 -0700
Processing by UsersController#index as */*
  [1m[36mUser Load (20.0ms)[0m  [1m[34mSELECT "users".* FROM "users"[0m
  ↳ app/controllers/users_controller.rb:5
Completed 200 OK in 77ms (Views: 10.1ms | ActiveRecord: 63.9ms)


Started GET "/users" for ::1 at 2021-10-06 16:33:26 -0700
Processing by UsersController#index as */*
  Parameters: {"user"=>{"food"=>"pizza", "dessert"=>"cake"}}
  [1m[36mUser Load (1.0ms)[0m  [1m[34mSELECT "users".* FROM "users"[0m
  ↳ app/controllers/users_controller.rb:5
Completed 200 OK in 63ms (Views: 4.4ms | ActiveRecord: 56.6ms)


Started GET "/users" for ::1 at 2021-10-06 16:34:21 -0700
Processing by UsersController#index as */*
  Parameters: {"user"=>{"food"=>"pizza", "dessert"=>"cake"}}
  [1m[36mUser Load (0.7ms)[0m  [1m[34mSELECT "users".* FROM "users"[0m
  ↳ app/controllers/users_controller.rb:5
Completed 200 OK in 28ms (Views: 5.1ms | ActiveRecord: 20.6ms)


Started POST "/users" for ::1 at 2021-10-06 16:34:42 -0700
Processing by UsersController#create as */*
  Parameters: {"user"=>{"food"=>"pizza", "dessert"=>"cake"}}
Completed 500 Internal Server Error in 1ms (ActiveRecord: 0.0ms)


  
ActiveModel::UnknownAttributeError (unknown attribute 'food' for User.):
  
app/controllers/users_controller.rb:9:in `create'
Started POST "/users" for ::1 at 2021-10-06 16:35:13 -0700
Processing by UsersController#create as */*
  Parameters: {"user"=>{"name"=>"pizza", "email"=>"cake@cookie.com"}}
  [1m[35m (2.2ms)[0m  [1m[35mBEGIN[0m
  ↳ app/controllers/users_controller.rb:10
  [1m[36mUser Exists (8.1ms)[0m  [1m[34mSELECT  1 AS one FROM "users" WHERE "users"."email" = $1 LIMIT $2[0m  [["email", "cake@cookie.com"], ["LIMIT", 1]]
  ↳ app/controllers/users_controller.rb:10
  [1m[36mUser Create (14.7ms)[0m  [1m[32mINSERT INTO "users" ("name", "email", "created_at", "updated_at") VALUES ($1, $2, $3, $4) RETURNING "id"[0m  [["name", "pizza"], ["email", "cake@cookie.com"], ["created_at", "2021-10-06 23:35:13.761979"], ["updated_at", "2021-10-06 23:35:13.761979"]]
  ↳ app/controllers/users_controller.rb:10
  [1m[35m (4.5ms)[0m  [1m[35mCOMMIT[0m
  ↳ app/controllers/users_controller.rb:10
Completed 200 OK in 57ms (Views: 0.5ms | ActiveRecord: 43.1ms)


Started POST "/users" for ::1 at 2021-10-06 16:42:45 -0700
  
ActiveRecord::PendingMigrationError (

Migrations are pending. To resolve this issue, run:

        bin/rails db:migrate RAILS_ENV=development

):
  
activerecord (5.2.6) lib/active_record/migration.rb:579:in `check_pending!'
activerecord (5.2.6) lib/active_record/migration.rb:556:in `call'
actionpack (5.2.6) lib/action_dispatch/middleware/callbacks.rb:28:in `block in call'
activesupport (5.2.6) lib/active_support/callbacks.rb:98:in `run_callbacks'
actionpack (5.2.6) lib/action_dispatch/middleware/callbacks.rb:26:in `call'
actionpack (5.2.6) lib/action_dispatch/middleware/executor.rb:14:in `call'
actionpack (5.2.6) lib/action_dispatch/middleware/debug_exceptions.rb:61:in `call'
web-console (3.7.0) lib/web_console/middleware.rb:135:in `call_app'
web-console (3.7.0) lib/web_console/middleware.rb:30:in `block in call'
web-console (3.7.0) lib/web_console/middleware.rb:20:in `catch'
web-console (3.7.0) lib/web_console/middleware.rb:20:in `call'
actionpack (5.2.6) lib/action_dispatch/middleware/show_exceptions.rb:33:in `call'
railties (5.2.6) lib/rails/rack/logger.rb:38:in `call_app'
railties (5.2.6) lib/rails/rack/logger.rb:26:in `block in call'
activesupport (5.2.6) lib/active_support/tagged_logging.rb:71:in `block in tagged'
activesupport (5.2.6) lib/active_support/tagged_logging.rb:28:in `tagged'
activesupport (5.2.6) lib/active_support/tagged_logging.rb:71:in `tagged'
railties (5.2.6) lib/rails/rack/logger.rb:26:in `call'
sprockets-rails (3.2.2) lib/sprockets/rails/quiet_assets.rb:13:in `call'
actionpack (5.2.6) lib/action_dispatch/middleware/remote_ip.rb:81:in `call'
actionpack (5.2.6) lib/action_dispatch/middleware/request_id.rb:27:in `call'
rack (2.2.3) lib/rack/method_override.rb:24:in `call'
rack (2.2.3) lib/rack/runtime.rb:22:in `call'
activesupport (5.2.6) lib/active_support/cache/strategy/local_cache_middleware.rb:29:in `call'
actionpack (5.2.6) lib/action_dispatch/middleware/executor.rb:14:in `call'
actionpack (5.2.6) lib/action_dispatch/middleware/static.rb:127:in `call'
rack (2.2.3) lib/rack/sendfile.rb:110:in `call'
railties (5.2.6) lib/rails/engine.rb:524:in `call'
puma (3.12.6) lib/puma/configuration.rb:227:in `call'
puma (3.12.6) lib/puma/server.rb:706:in `handle_request'
puma (3.12.6) lib/puma/server.rb:476:in `process_client'
puma (3.12.6) lib/puma/server.rb:334:in `block in run'
puma (3.12.6) lib/puma/thread_pool.rb:135:in `block in spawn_thread'
  [1m[35m (25.7ms)[0m  [1m[35mCREATE TABLE "schema_migrations" ("version" character varying NOT NULL PRIMARY KEY)[0m
  ↳ bin/rails:9
  [1m[35m (2.3ms)[0m  [1m[35mCREATE TABLE "ar_internal_metadata" ("key" character varying NOT NULL PRIMARY KEY, "value" character varying, "created_at" timestamp NOT NULL, "updated_at" timestamp NOT NULL)[0m
  ↳ bin/rails:9
  [1m[35m (0.6ms)[0m  [1m[34mSELECT pg_try_advisory_lock(6735832662221925360)[0m
  ↳ bin/rails:9
  [1m[35m (0.4ms)[0m  [1m[34mSELECT "schema_migrations"."version" FROM "schema_migrations" ORDER BY "schema_migrations"."version" ASC[0m
  ↳ bin/rails:9
Migrating to CreateUsers (20211006231015)
  [1m[35m (0.3ms)[0m  [1m[35mBEGIN[0m
  ↳ bin/rails:9
  [1m[35m (5.2ms)[0m  [1m[35mCREATE TABLE "users" ("id" bigserial primary key, "name" character varying NOT NULL, "email" character varying NOT NULL, "created_at" timestamp NOT NULL, "updated_at" timestamp NOT NULL)[0m
  ↳ db/migrate/20211006231015_create_users.rb:3
  [1m[36mActiveRecord::SchemaMigration Create (1.4ms)[0m  [1m[32mINSERT INTO "schema_migrations" ("version") VALUES ($1) RETURNING "version"[0m  [["version", "20211006231015"]]
  ↳ bin/rails:9
  [1m[35m (0.2ms)[0m  [1m[35mCOMMIT[0m
  ↳ bin/rails:9
  [1m[36mActiveRecord::InternalMetadata Load (0.3ms)[0m  [1m[34mSELECT  "ar_internal_metadata".* FROM "ar_internal_metadata" WHERE "ar_internal_metadata"."key" = $1 LIMIT $2[0m  [["key", "environment"], ["LIMIT", 1]]
  ↳ bin/rails:9
  [1m[35m (0.1ms)[0m  [1m[35mBEGIN[0m
  ↳ bin/rails:9
  [1m[36mActiveRecord::InternalMetadata Create (1.0ms)[0m  [1m[32mINSERT INTO "ar_internal_metadata" ("key", "value", "created_at", "updated_at") VALUES ($1, $2, $3, $4) RETURNING "key"[0m  [["key", "environment"], ["value", "development"], ["created_at", "2021-10-06 23:43:09.926200"], ["updated_at", "2021-10-06 23:43:09.926200"]]
  ↳ bin/rails:9
  [1m[35m (0.1ms)[0m  [1m[35mCOMMIT[0m
  ↳ bin/rails:9
  [1m[35m (0.1ms)[0m  [1m[34mSELECT pg_advisory_unlock(6735832662221925360)[0m
  ↳ bin/rails:9
  [1m[35m (0.4ms)[0m  [1m[34mSELECT "schema_migrations"."version" FROM "schema_migrations" ORDER BY "schema_migrations"."version" ASC[0m
  ↳ bin/rails:9
Started POST "/users" for ::1 at 2021-10-06 16:43:29 -0700
  [1m[35m (2.5ms)[0m  [1m[34mSELECT "schema_migrations"."version" FROM "schema_migrations" ORDER BY "schema_migrations"."version" ASC[0m
  ↳ /Users/grayson.poon/.rbenv/versions/2.5.1/lib/ruby/gems/2.5.0/gems/activerecord-5.2.6/lib/active_record/log_subscriber.rb:98
  
SyntaxError (/Users/grayson.poon/Desktop/App_Academy/classmates/aA-classwork/W6/D3/first_routes_project/app/controllers/users_controller.rb:11: syntax error, unexpected keyword_if, expecting ')'
    if user.save!
    ^~):
  
app/controllers/users_controller.rb:11: syntax error, unexpected keyword_if, expecting ')'
Started POST "/users" for ::1 at 2021-10-06 16:43:45 -0700
  
SyntaxError (/Users/grayson.poon/Desktop/App_Academy/classmates/aA-classwork/W6/D3/first_routes_project/app/controllers/users_controller.rb:11: syntax error, unexpected keyword_if, expecting ')'
    if user.save
    ^~):
  
app/controllers/users_controller.rb:11: syntax error, unexpected keyword_if, expecting ')'
Started POST "/users" for ::1 at 2021-10-06 16:44:11 -0700
Processing by UsersController#create as */*
  Parameters: {"user"=>{"name"=>"pizza"}}
  [1m[35m (0.3ms)[0m  [1m[35mBEGIN[0m
  ↳ app/controllers/users_controller.rb:11
  [1m[36mUser Exists (1.3ms)[0m  [1m[34mSELECT  1 AS one FROM "users" WHERE "users"."email" IS NULL LIMIT $1[0m  [["LIMIT", 1]]
  ↳ app/controllers/users_controller.rb:11
  [1m[35m (0.4ms)[0m  [1m[31mROLLBACK[0m
  ↳ app/controllers/users_controller.rb:11
Completed 422 Unprocessable Entity in 33ms (Views: 0.2ms | ActiveRecord: 16.8ms)


Started POST "/users/3" for ::1 at 2021-10-06 16:46:40 -0700
  
ActionController::RoutingError (No route matches [POST] "/users/3"):
  
actionpack (5.2.6) lib/action_dispatch/middleware/debug_exceptions.rb:65:in `call'
web-console (3.7.0) lib/web_console/middleware.rb:135:in `call_app'
web-console (3.7.0) lib/web_console/middleware.rb:30:in `block in call'
web-console (3.7.0) lib/web_console/middleware.rb:20:in `catch'
web-console (3.7.0) lib/web_console/middleware.rb:20:in `call'
actionpack (5.2.6) lib/action_dispatch/middleware/show_exceptions.rb:33:in `call'
railties (5.2.6) lib/rails/rack/logger.rb:38:in `call_app'
railties (5.2.6) lib/rails/rack/logger.rb:26:in `block in call'
activesupport (5.2.6) lib/active_support/tagged_logging.rb:71:in `block in tagged'
activesupport (5.2.6) lib/active_support/tagged_logging.rb:28:in `tagged'
activesupport (5.2.6) lib/active_support/tagged_logging.rb:71:in `tagged'
railties (5.2.6) lib/rails/rack/logger.rb:26:in `call'
sprockets-rails (3.2.2) lib/sprockets/rails/quiet_assets.rb:13:in `call'
actionpack (5.2.6) lib/action_dispatch/middleware/remote_ip.rb:81:in `call'
actionpack (5.2.6) lib/action_dispatch/middleware/request_id.rb:27:in `call'
rack (2.2.3) lib/rack/method_override.rb:24:in `call'
rack (2.2.3) lib/rack/runtime.rb:22:in `call'
activesupport (5.2.6) lib/active_support/cache/strategy/local_cache_middleware.rb:29:in `call'
actionpack (5.2.6) lib/action_dispatch/middleware/executor.rb:14:in `call'
actionpack (5.2.6) lib/action_dispatch/middleware/static.rb:127:in `call'
rack (2.2.3) lib/rack/sendfile.rb:110:in `call'
railties (5.2.6) lib/rails/engine.rb:524:in `call'
puma (3.12.6) lib/puma/configuration.rb:227:in `call'
puma (3.12.6) lib/puma/server.rb:706:in `handle_request'
puma (3.12.6) lib/puma/server.rb:476:in `process_client'
puma (3.12.6) lib/puma/server.rb:334:in `block in run'
puma (3.12.6) lib/puma/thread_pool.rb:135:in `block in spawn_thread'
Started GET "/users/3" for ::1 at 2021-10-06 16:46:56 -0700
Processing by UsersController#show as */*
  Parameters: {"user"=>{"name"=>"pizza", "email"=>"koda@koda.com"}, "id"=>"3"}
  [1m[36mUser Load (0.6ms)[0m  [1m[34mSELECT  "users".* FROM "users" WHERE "users"."id" = $1 LIMIT $2[0m  [["id", nil], ["LIMIT", 1]]
  ↳ app/controllers/users_controller.rb:20
Completed 404 Not Found in 22ms (ActiveRecord: 13.6ms)


  
ActiveRecord::RecordNotFound (Couldn't find User with 'id'=id):
  
app/controllers/users_controller.rb:20:in `show'
  [1m[36mUser Load (1.5ms)[0m  [1m[34mSELECT "users".* FROM "users"[0m
Started GET "/users/3" for ::1 at 2021-10-06 16:49:00 -0700
Processing by UsersController#show as */*
  Parameters: {"user"=>{"name"=>"pizza", "email"=>"koda@koda.com"}, "id"=>"3"}
Completed 500 Internal Server Error in 2ms (ActiveRecord: 0.0ms)


  
NoMethodError (undefined method `id' for nil:NilClass):
  
app/controllers/users_controller.rb:20:in `show'
Started GET "/users/3" for ::1 at 2021-10-06 16:50:16 -0700
Processing by UsersController#show as */*
  Parameters: {"user"=>{"name"=>"pizza", "email"=>"koda@koda.com"}, "id"=>"3"}
  [1m[36mUser Load (0.6ms)[0m  [1m[34mSELECT  "users".* FROM "users" WHERE "users"."id" = $1 LIMIT $2[0m  [["id", 3], ["LIMIT", 1]]
  ↳ app/controllers/users_controller.rb:21
Completed 404 Not Found in 16ms (ActiveRecord: 13.2ms)


  
ActiveRecord::RecordNotFound (Couldn't find User with 'id'=3):
  
app/controllers/users_controller.rb:21:in `show'
Started GET "/users/1" for ::1 at 2021-10-06 16:50:38 -0700
Processing by UsersController#show as */*
  Parameters: {"user"=>{"name"=>"pizza", "email"=>"koda@koda.com"}, "id"=>"1"}
  [1m[36mUser Load (0.4ms)[0m  [1m[34mSELECT  "users".* FROM "users" WHERE "users"."id" = $1 LIMIT $2[0m  [["id", 1], ["LIMIT", 1]]
  ↳ app/controllers/users_controller.rb:21
Completed 404 Not Found in 1ms (ActiveRecord: 0.4ms)


  
ActiveRecord::RecordNotFound (Couldn't find User with 'id'=1):
  
app/controllers/users_controller.rb:21:in `show'
  [1m[36mUser Load (0.5ms)[0m  [1m[34mSELECT  "users".* FROM "users" WHERE "users"."id" = $1 LIMIT $2[0m  [["id", 1], ["LIMIT", 1]]
  [1m[36mUser Load (0.6ms)[0m  [1m[34mSELECT "users".* FROM "users"[0m
  [1m[35m (1.7ms)[0m  [1m[35mCREATE DATABASE "first_routes_project_development" ENCODING = 'unicode'[0m
  ↳ bin/rails:9
  [1m[35m (0.6ms)[0m  [1m[35mCREATE DATABASE "first_routes_project_test" ENCODING = 'unicode'[0m
  ↳ bin/rails:9
  [1m[35m (1.6ms)[0m  [1m[34mSELECT "schema_migrations"."version" FROM "schema_migrations" ORDER BY "schema_migrations"."version" ASC[0m
  ↳ bin/rails:9
  [1m[35m (0.9ms)[0m  [1m[34mSELECT "ar_internal_metadata"."value" FROM "ar_internal_metadata" WHERE "ar_internal_metadata"."key" = $1[0m  [["key", "environment"]]
  ↳ bin/rails:9
  [1m[35m (0.5ms)[0m  [1m[34mSELECT "schema_migrations"."version" FROM "schema_migrations" ORDER BY "schema_migrations"."version" ASC[0m
  ↳ bin/rails:9
  [1m[35m (0.4ms)[0m  [1m[34mSELECT "ar_internal_metadata"."value" FROM "ar_internal_metadata" WHERE "ar_internal_metadata"."key" = $1[0m  [["key", "environment"]]
  ↳ bin/rails:9
  [1m[35m (0.3ms)[0m  [1m[34mSELECT "schema_migrations"."version" FROM "schema_migrations" ORDER BY "schema_migrations"."version" ASC[0m
  ↳ bin/rails:9
  [1m[35m (0.2ms)[0m  [1m[34mSELECT "ar_internal_metadata"."value" FROM "ar_internal_metadata" WHERE "ar_internal_metadata"."key" = $1[0m  [["key", "environment"]]
  ↳ bin/rails:9
  [1m[35mSQL (1.0ms)[0m  [1m[35mCREATE EXTENSION IF NOT EXISTS "plpgsql"[0m
  ↳ db/schema.rb:16
  [1m[35m (5.7ms)[0m  [1m[35mDROP TABLE IF EXISTS "users" CASCADE[0m
  ↳ db/schema.rb:18
  [1m[35m (4.2ms)[0m  [1m[35mCREATE TABLE "users" ("id" bigserial primary key, "name" character varying NOT NULL, "email" character varying NOT NULL, "created_at" timestamp NOT NULL, "updated_at" timestamp NOT NULL)[0m
  ↳ db/schema.rb:18
  [1m[35m (0.8ms)[0m  [1m[34mSELECT "schema_migrations"."version" FROM "schema_migrations" ORDER BY "schema_migrations"."version" ASC[0m
  ↳ db/schema.rb:13
  [1m[36mActiveRecord::InternalMetadata Load (0.7ms)[0m  [1m[34mSELECT  "ar_internal_metadata".* FROM "ar_internal_metadata" WHERE "ar_internal_metadata"."key" = $1 LIMIT $2[0m  [["key", "environment"], ["LIMIT", 1]]
  ↳ db/schema.rb:13
  [1m[35m (0.2ms)[0m  [1m[35mBEGIN[0m
  ↳ db/schema.rb:13
  [1m[35m (0.1ms)[0m  [1m[35mCOMMIT[0m
  ↳ db/schema.rb:13
  [1m[36mActiveRecord::InternalMetadata Load (0.1ms)[0m  [1m[34mSELECT  "ar_internal_metadata".* FROM "ar_internal_metadata" WHERE "ar_internal_metadata"."key" = $1 LIMIT $2[0m  [["key", "environment"], ["LIMIT", 1]]
  ↳ bin/rails:9
  [1m[35m (0.0ms)[0m  [1m[35mBEGIN[0m
  ↳ bin/rails:9
  [1m[35m (0.0ms)[0m  [1m[35mCOMMIT[0m
  ↳ bin/rails:9
  [1m[35mSQL (1.1ms)[0m  [1m[35mCREATE EXTENSION IF NOT EXISTS "plpgsql"[0m
  ↳ db/schema.rb:16
  [1m[35m (0.1ms)[0m  [1m[35mDROP TABLE IF EXISTS "users" CASCADE[0m
  ↳ db/schema.rb:18
  [1m[35m (12.6ms)[0m  [1m[35mCREATE TABLE "users" ("id" bigserial primary key, "name" character varying NOT NULL, "email" character varying NOT NULL, "created_at" timestamp NOT NULL, "updated_at" timestamp NOT NULL)[0m
  ↳ db/schema.rb:18
  [1m[35m (2.6ms)[0m  [1m[35mCREATE TABLE "schema_migrations" ("version" character varying NOT NULL PRIMARY KEY)[0m
  ↳ db/schema.rb:13
  [1m[35m (0.5ms)[0m  [1m[34mSELECT "schema_migrations"."version" FROM "schema_migrations" ORDER BY "schema_migrations"."version" ASC[0m
  ↳ db/schema.rb:13
  [1m[35m (0.3ms)[0m  [1m[32mINSERT INTO "schema_migrations" (version) VALUES (20211006231015)[0m
  ↳ db/schema.rb:13
  [1m[35m (2.3ms)[0m  [1m[35mCREATE TABLE "ar_internal_metadata" ("key" character varying NOT NULL PRIMARY KEY, "value" character varying, "created_at" timestamp NOT NULL, "updated_at" timestamp NOT NULL)[0m
  ↳ db/schema.rb:13
  [1m[36mActiveRecord::InternalMetadata Load (0.3ms)[0m  [1m[34mSELECT  "ar_internal_metadata".* FROM "ar_internal_metadata" WHERE "ar_internal_metadata"."key" = $1 LIMIT $2[0m  [["key", "environment"], ["LIMIT", 1]]
  ↳ db/schema.rb:13
  [1m[35m (0.1ms)[0m  [1m[35mBEGIN[0m
  ↳ db/schema.rb:13
  [1m[36mActiveRecord::InternalMetadata Create (0.3ms)[0m  [1m[32mINSERT INTO "ar_internal_metadata" ("key", "value", "created_at", "updated_at") VALUES ($1, $2, $3, $4) RETURNING "key"[0m  [["key", "environment"], ["value", "development"], ["created_at", "2021-10-06 23:51:48.588047"], ["updated_at", "2021-10-06 23:51:48.588047"]]
  ↳ db/schema.rb:13
  [1m[35m (0.1ms)[0m  [1m[35mCOMMIT[0m
  ↳ db/schema.rb:13
  [1m[36mActiveRecord::InternalMetadata Load (0.2ms)[0m  [1m[34mSELECT  "ar_internal_metadata".* FROM "ar_internal_metadata" WHERE "ar_internal_metadata"."key" = $1 LIMIT $2[0m  [["key", "environment"], ["LIMIT", 1]]
  ↳ bin/rails:9
  [1m[35m (0.2ms)[0m  [1m[35mBEGIN[0m
  ↳ bin/rails:9
  [1m[36mActiveRecord::InternalMetadata Update (0.9ms)[0m  [1m[33mUPDATE "ar_internal_metadata" SET "value" = $1, "updated_at" = $2 WHERE "ar_internal_metadata"."key" = $3[0m  [["value", "test"], ["updated_at", "2021-10-06 23:51:48.591903"], ["key", "environment"]]
  ↳ bin/rails:9
  [1m[35m (0.2ms)[0m  [1m[35mCOMMIT[0m
  ↳ bin/rails:9
  [1m[35m (0.6ms)[0m  [1m[34mSELECT "schema_migrations"."version" FROM "schema_migrations" ORDER BY "schema_migrations"."version" ASC[0m
  ↳ bin/rails:9
  [1m[35m (0.2ms)[0m  [1m[35mBEGIN[0m
  ↳ db/seeds.rb:9
  [1m[36mUser Exists (0.7ms)[0m  [1m[34mSELECT  1 AS one FROM "users" WHERE "users"."email" = $1 LIMIT $2[0m  [["email", "mike@hello.com"], ["LIMIT", 1]]
  ↳ db/seeds.rb:9
  [1m[36mUser Create (0.5ms)[0m  [1m[32mINSERT INTO "users" ("name", "email", "created_at", "updated_at") VALUES ($1, $2, $3, $4) RETURNING "id"[0m  [["name", "Mike"], ["email", "mike@hello.com"], ["created_at", "2021-10-06 23:51:48.626474"], ["updated_at", "2021-10-06 23:51:48.626474"]]
  ↳ db/seeds.rb:9
  [1m[35m (0.2ms)[0m  [1m[35mCOMMIT[0m
  ↳ db/seeds.rb:9
  [1m[35m (0.0ms)[0m  [1m[35mBEGIN[0m
  ↳ db/seeds.rb:10
  [1m[36mUser Exists (0.2ms)[0m  [1m[34mSELECT  1 AS one FROM "users" WHERE "users"."email" = $1 LIMIT $2[0m  [["email", "nike@goodbye.com"], ["LIMIT", 1]]
  ↳ db/seeds.rb:10
  [1m[36mUser Create (0.1ms)[0m  [1m[32mINSERT INTO "users" ("name", "email", "created_at", "updated_at") VALUES ($1, $2, $3, $4) RETURNING "id"[0m  [["name", "Nike"], ["email", "nike@goodbye.com"], ["created_at", "2021-10-06 23:51:48.629022"], ["updated_at", "2021-10-06 23:51:48.629022"]]
  ↳ db/seeds.rb:10
  [1m[35m (0.1ms)[0m  [1m[35mCOMMIT[0m
  ↳ db/seeds.rb:10
  [1m[36mUser Load (1.5ms)[0m  [1m[34mSELECT "users".* FROM "users"[0m
Started GET "/users/1" for ::1 at 2021-10-06 16:52:08 -0700
Processing by UsersController#show as */*
  Parameters: {"user"=>{"name"=>"pizza", "email"=>"koda@koda.com"}, "id"=>"1"}
  [1m[36mUser Load (0.9ms)[0m  [1m[34mSELECT  "users".* FROM "users" WHERE "users"."id" = $1 LIMIT $2[0m  [["id", 1], ["LIMIT", 1]]
  ↳ app/controllers/users_controller.rb:21
Completed 200 OK in 8ms (Views: 0.4ms | ActiveRecord: 0.9ms)


Started GET "/users/1" for ::1 at 2021-10-06 16:53:00 -0700
Processing by UsersController#show as */*
  Parameters: {"user"=>{"name"=>"pizza", "email"=>"koda@koda.com"}, "id"=>"1"}
Completed 500 Internal Server Error in 2ms (ActiveRecord: 0.0ms)


  
NoMethodError (undefined method `id' for nil:NilClass):
  
app/controllers/users_controller.rb:21:in `show'
Started PATCH "/users/1" for ::1 at 2021-10-06 16:55:08 -0700
Processing by UsersController#update as */*
  Parameters: {"id"=>"1"}
Completed 500 Internal Server Error in 53ms (ActiveRecord: 0.0ms)


  
NoMethodError (super: no superclass method `update' for #<UsersController:0x00007feae4a6fa50>):
  
app/controllers/users_controller.rb:27:in `update'
Started PATCH "/users/1" for ::1 at 2021-10-06 16:58:57 -0700
  
ArgumentError (Before process_action callback :verify_authenticity_token has not been defined):
  
app/controllers/application_controller.rb:2:in `<class:ApplicationController>'
app/controllers/application_controller.rb:1:in `<top (required)>'
app/controllers/users_controller.rb:1:in `<top (required)>'
Started PATCH "/users/1" for ::1 at 2021-10-06 17:04:15 -0700
Processing by UsersController#update as */*
  Parameters: {"id"=>"1"}
  [1m[36mUser Load (0.4ms)[0m  [1m[34mSELECT  "users".* FROM "users" WHERE "users"."id" = $1 LIMIT $2[0m  [["id", 1], ["LIMIT", 1]]
  ↳ app/controllers/users_controller.rb:27
Completed 400 Bad Request in 18ms (ActiveRecord: 12.3ms)


  
ActionController::ParameterMissing (param is missing or the value is empty: user):
  
app/controllers/users_controller.rb:40:in `user_params'
app/controllers/users_controller.rb:29:in `update'
Started PATCH "/users/1" for ::1 at 2021-10-06 17:04:33 -0700
Processing by UsersController#update as */*
  Parameters: {"user"=>{"name"=>"Paulo"}, "id"=>"1"}
  [1m[36mUser Load (0.7ms)[0m  [1m[34mSELECT  "users".* FROM "users" WHERE "users"."id" = $1 LIMIT $2[0m  [["id", 1], ["LIMIT", 1]]
  ↳ app/controllers/users_controller.rb:27
  [1m[35m (0.1ms)[0m  [1m[35mBEGIN[0m
  ↳ app/controllers/users_controller.rb:29
  [1m[36mUser Exists (1.1ms)[0m  [1m[34mSELECT  1 AS one FROM "users" WHERE "users"."email" = $1 AND "users"."id" != $2 LIMIT $3[0m  [["email", "mike@hello.com"], ["id", 1], ["LIMIT", 1]]
  ↳ app/controllers/users_controller.rb:29
  [1m[36mUser Update (0.9ms)[0m  [1m[33mUPDATE "users" SET "name" = $1, "updated_at" = $2 WHERE "users"."id" = $3[0m  [["name", "Paulo"], ["updated_at", "2021-10-07 00:04:33.620375"], ["id", 1]]
  ↳ app/controllers/users_controller.rb:29
  [1m[35m (1.2ms)[0m  [1m[35mCOMMIT[0m
  ↳ app/controllers/users_controller.rb:29
Completed 200 OK in 7ms (Views: 0.2ms | ActiveRecord: 4.0ms)


Started PATCH "/users/1" for ::1 at 2021-10-06 17:05:55 -0700
Processing by UsersController#update as */*
  Parameters: {"user"=>{"name"=>"Paulo", "email"=>"koda@koda.com"}, "id"=>"1"}
  [1m[36mUser Load (0.5ms)[0m  [1m[34mSELECT  "users".* FROM "users" WHERE "users"."id" = $1 LIMIT $2[0m  [["id", 1], ["LIMIT", 1]]
  ↳ app/controllers/users_controller.rb:27
  [1m[35m (0.4ms)[0m  [1m[35mBEGIN[0m
  ↳ app/controllers/users_controller.rb:29
  [1m[36mUser Exists (1.9ms)[0m  [1m[34mSELECT  1 AS one FROM "users" WHERE "users"."email" = $1 AND "users"."id" != $2 LIMIT $3[0m  [["email", "koda@koda.com"], ["id", 1], ["LIMIT", 1]]
  ↳ app/controllers/users_controller.rb:29
  [1m[36mUser Update (0.9ms)[0m  [1m[33mUPDATE "users" SET "email" = $1, "updated_at" = $2 WHERE "users"."id" = $3[0m  [["email", "koda@koda.com"], ["updated_at", "2021-10-07 00:05:55.916009"], ["id", 1]]
  ↳ app/controllers/users_controller.rb:29
  [1m[35m (0.9ms)[0m  [1m[35mCOMMIT[0m
  ↳ app/controllers/users_controller.rb:29
Completed 200 OK in 14ms (Views: 0.7ms | ActiveRecord: 4.5ms)


  [1m[36mUser Load (0.7ms)[0m  [1m[34mSELECT "users".* FROM "users"[0m
Started DELETE "/users/1" for ::1 at 2021-10-06 17:10:19 -0700
Processing by UsersController#destroy as */*
  Parameters: {"id"=>"1"}
  [1m[36mUser Load (0.2ms)[0m  [1m[34mSELECT  "users".* FROM "users" WHERE "users"."id" = $1 LIMIT $2[0m  [["id", 1], ["LIMIT", 1]]
  ↳ app/controllers/users_controller.rb:37
  [1m[35m (0.1ms)[0m  [1m[35mBEGIN[0m
  ↳ app/controllers/users_controller.rb:39
  [1m[36mUser Destroy (0.5ms)[0m  [1m[31mDELETE FROM "users" WHERE "users"."id" = $1[0m  [["id", 1]]
  ↳ app/controllers/users_controller.rb:39
  [1m[35m (0.6ms)[0m  [1m[35mCOMMIT[0m
  ↳ app/controllers/users_controller.rb:39
Completed 200 OK in 21ms (Views: 0.4ms | ActiveRecord: 15.0ms)


  [1m[36mUser Load (0.4ms)[0m  [1m[34mSELECT "users".* FROM "users"[0m
